2021-05-07 10:24:21.504  INFO 29300 --- [restartedMain] c.n.employee.EmployeePortalApplication   : Starting EmployeePortalApplication using Java 15.0.2 on vikrambaghel with PID 29300 (C:\Users\vikrambaghel\git\EmployeePortal\EmployeePortal\target\classes started by vikrambaghel in C:\Users\vikrambaghel\git\EmployeePortal\EmployeePortal)
2021-05-07 10:24:21.507  INFO 29300 --- [restartedMain] c.n.employee.EmployeePortalApplication   : No active profile set, falling back to default profiles: default
2021-05-07 10:24:21.545  INFO 29300 --- [restartedMain] .e.DevToolsPropertyDefaultsPostProcessor : Devtools property defaults active! Set 'spring.devtools.add-properties' to 'false' to disable
2021-05-07 10:24:21.546  INFO 29300 --- [restartedMain] .e.DevToolsPropertyDefaultsPostProcessor : For additional web related logging consider setting the 'logging.level.web' property to 'DEBUG'
2021-05-07 10:24:22.070  INFO 29300 --- [restartedMain] .s.d.r.c.RepositoryConfigurationDelegate : Bootstrapping Spring Data JPA repositories in DEFAULT mode.
2021-05-07 10:24:22.112  INFO 29300 --- [restartedMain] .s.d.r.c.RepositoryConfigurationDelegate : Finished Spring Data repository scanning in 35 ms. Found 2 JPA repository interfaces.
2021-05-07 10:24:22.599  INFO 29300 --- [restartedMain] o.s.b.w.embedded.tomcat.TomcatWebServer  : Tomcat initialized with port(s): 9090 (http)
2021-05-07 10:24:22.610  INFO 29300 --- [restartedMain] o.apache.catalina.core.StandardService   : Starting service [Tomcat]
2021-05-07 10:24:22.611  INFO 29300 --- [restartedMain] org.apache.catalina.core.StandardEngine  : Starting Servlet engine: [Apache Tomcat/9.0.45]
2021-05-07 10:24:22.771  INFO 29300 --- [restartedMain] org.apache.jasper.servlet.TldScanner     : At least one JAR was scanned for TLDs yet contained no TLDs. Enable debug logging for this logger for a complete list of JARs that were scanned but no TLDs were found in them. Skipping unneeded JARs during scanning can improve startup time and JSP compilation time.
2021-05-07 10:24:22.778  INFO 29300 --- [restartedMain] o.a.c.c.C.[Tomcat].[localhost].[/]       : Initializing Spring embedded WebApplicationContext
2021-05-07 10:24:22.778  INFO 29300 --- [restartedMain] w.s.c.ServletWebServerApplicationContext : Root WebApplicationContext: initialization completed in 1232 ms
2021-05-07 10:24:22.817  INFO 29300 --- [restartedMain] com.zaxxer.hikari.HikariDataSource       : HikariPool-1 - Starting...
2021-05-07 10:24:22.967  INFO 29300 --- [restartedMain] com.zaxxer.hikari.HikariDataSource       : HikariPool-1 - Start completed.
2021-05-07 10:24:22.974  INFO 29300 --- [restartedMain] o.s.b.a.h2.H2ConsoleAutoConfiguration    : H2 console available at '/h2-console'. Database available at 'jdbc:h2:mem:employeePortal'
2021-05-07 10:24:23.089  INFO 29300 --- [restartedMain] o.hibernate.jpa.internal.util.LogHelper  : HHH000204: Processing PersistenceUnitInfo [name: default]
2021-05-07 10:24:23.130  INFO 29300 --- [restartedMain] org.hibernate.Version                    : HHH000412: Hibernate ORM core version 5.4.30.Final
2021-05-07 10:24:23.243  INFO 29300 --- [restartedMain] o.hibernate.annotations.common.Version   : HCANN000001: Hibernate Commons Annotations {5.1.2.Final}
2021-05-07 10:24:23.353  INFO 29300 --- [restartedMain] org.hibernate.dialect.Dialect            : HHH000400: Using dialect: org.hibernate.dialect.H2Dialect
2021-05-07 10:24:23.897  INFO 29300 --- [restartedMain] o.h.e.t.j.p.i.JtaPlatformInitiator       : HHH000490: Using JtaPlatform implementation: [org.hibernate.engine.transaction.jta.platform.internal.NoJtaPlatform]
2021-05-07 10:24:23.903  INFO 29300 --- [restartedMain] j.LocalContainerEntityManagerFactoryBean : Initialized JPA EntityManagerFactory for persistence unit 'default'
2021-05-07 10:24:23.932  INFO 29300 --- [restartedMain] o.s.b.d.a.OptionalLiveReloadServer       : LiveReload server is running on port 35729
2021-05-07 10:24:24.293  WARN 29300 --- [restartedMain] JpaBaseConfiguration$JpaWebConfiguration : spring.jpa.open-in-view is enabled by default. Therefore, database queries may be performed during view rendering. Explicitly configure spring.jpa.open-in-view to disable this warning
2021-05-07 10:24:24.387  INFO 29300 --- [restartedMain] o.s.s.concurrent.ThreadPoolTaskExecutor  : Initializing ExecutorService 'applicationTaskExecutor'
2021-05-07 10:24:24.621  INFO 29300 --- [restartedMain] o.s.b.w.embedded.tomcat.TomcatWebServer  : Tomcat started on port(s): 9090 (http) with context path ''
2021-05-07 10:24:24.628  INFO 29300 --- [restartedMain] c.n.employee.EmployeePortalApplication   : Started EmployeePortalApplication in 3.429 seconds (JVM running for 4.111)
2021-05-07 10:24:41.690  INFO 29300 --- [http-nio-9090-exec-1] o.a.c.c.C.[Tomcat].[localhost].[/]       : Initializing Spring DispatcherServlet 'dispatcherServlet'
2021-05-07 10:24:41.691  INFO 29300 --- [http-nio-9090-exec-1] o.s.web.servlet.DispatcherServlet        : Initializing Servlet 'dispatcherServlet'
2021-05-07 10:24:41.693  INFO 29300 --- [http-nio-9090-exec-1] o.s.web.servlet.DispatcherServlet        : Completed initialization in 2 ms
2021-05-07 10:24:57.906  INFO 29300 --- [http-nio-9090-exec-3] c.n.e.services.EmployeeServiceImpl       : add employee method executed
2021-05-07 10:24:58.090  INFO 29300 --- [http-nio-9090-exec-3] c.n.e.services.EmployeeServiceImpl       : Employee with this username : vikram , already existed 
2021-05-07 10:25:33.290  INFO 29300 --- [http-nio-9090-exec-6] c.n.e.services.EmployeeServiceImpl       : add employee method executed
2021-05-07 10:25:33.292  INFO 29300 --- [http-nio-9090-exec-6] c.n.e.services.EmployeeServiceImpl       : saved to the database: 
2021-05-07 10:26:21.015  INFO 29300 --- [http-nio-9090-exec-1] c.n.employee.services.TicketServiceImpl  : Adding new ticket to the database 
2021-05-07 10:26:30.077  INFO 29300 --- [http-nio-9090-exec-3] c.n.employee.services.TicketServiceImpl  : get ticket by ticket Id
2021-05-07 10:26:30.078  INFO 29300 --- [http-nio-9090-exec-3] c.n.employee.services.TicketServiceImpl  : fatching data from the database 
2021-05-07 10:27:26.793  INFO 29300 --- [RMI TCP Connection(5)-127.0.0.1] inMXBeanRegistrar$SpringApplicationAdmin : Application shutdown requested.
2021-05-07 10:27:26.819  INFO 29300 --- [RMI TCP Connection(5)-127.0.0.1] o.s.s.concurrent.ThreadPoolTaskExecutor  : Shutting down ExecutorService 'applicationTaskExecutor'
2021-05-07 10:27:26.820  INFO 29300 --- [RMI TCP Connection(5)-127.0.0.1] j.LocalContainerEntityManagerFactoryBean : Closing JPA EntityManagerFactory for persistence unit 'default'
2021-05-07 10:27:26.828 ERROR 29300 --- [HikariPool-1 connection adder] com.zaxxer.hikari.pool.HikariPool        : HikariPool-1 - Error thrown while acquiring connection from data source

2021-05-07 10:27:27.026  WARN 29300 --- [RMI TCP Connection(5)-127.0.0.1] o.s.b.f.support.DisposableBeanAdapter    : Invocation of destroy method failed on bean with name 'inMemoryDatabaseShutdownExecutor': org.h2.jdbc.JdbcSQLNonTransientConnectionException: Database is already closed (to disable automatic closing at VM shutdown, add ";DB_CLOSE_ON_EXIT=FALSE" to the db URL) [90121-200]
2021-05-07 10:27:27.028  INFO 29300 --- [RMI TCP Connection(5)-127.0.0.1] com.zaxxer.hikari.HikariDataSource       : HikariPool-1 - Shutdown initiated...
2021-05-07 10:27:27.081  INFO 29300 --- [RMI TCP Connection(5)-127.0.0.1] com.zaxxer.hikari.HikariDataSource       : HikariPool-1 - Shutdown completed.
